<?xml version="1.0" encoding="UTF-8"?>
<Site BuildName="(empty)"
	BuildStamp="20240704-0549-Experimental"
	Name="hyeon-ASUS"
	Generator="ctest-3.16.3"
	CompilerName="/usr/bin/c++"
	CompilerVersion="9.4.0"
	OSName="Linux"
	Hostname="hyeon-ASUS"
	OSRelease="5.15.0-107-generic"
	OSVersion="#117~20.04.1-Ubuntu SMP Tue Apr 30 10:35:57 UTC 2024"
	OSPlatform="x86_64"
	Is64Bits="1"
	VendorString="GenuineIntel"
	VendorID="Intel Corporation"
	FamilyID="6"
	ModelID="154"
	ProcessorCacheSize="24576"
	NumberOfLogicalCPU="20"
	NumberOfPhysicalCPU="14"
	TotalVirtualMemory="2047"
	TotalPhysicalMemory="31749"
	LogicalProcessorsPerPhysical="1"
	ProcessorClockFrequency="2900"
	>
	<Testing>
		<StartDateTime>Jul 04 21:19 KST</StartDateTime>
		<StartTestTime>1720095549</StartTestTime>
		<TestList/>
		<EndDateTime>Jul 04 21:19 KST</EndDateTime>
		<EndTestTime>1720095549</EndTestTime>
		<ElapsedMinutes>0</ElapsedMinutes>
	</Testing>
</Site>
